#
# A fatal error has been detected by the Java Runtime Environment:
#
#  Internal Error (javaCalls.cpp:51), pid=9048, tid=0x000000000001760c
#  guarantee(thread->is_Java_thread()) failed: crucial check - the VM thread cannot and must not escape to Java code
#
# JRE version: Java(TM) SE Runtime Environment (8.0_251-b08) (build 1.8.0_251-b08)
# Java VM: Java HotSpot(TM) 64-Bit Server VM (25.251-b08 mixed mode windows-amd64 compressed oops)
# Failed to write core dump. Minidumps are not enabled by default on client versions of Windows
#
# If you would like to submit a bug report, please visit:
#   http://bugreport.java.com/bugreport/crash.jsp
#

---------------  T H R E A D  ---------------

Current thread (0x000000000284e800):  VMThread [stack: 0x0000000018220000,0x0000000018320000] [id=95756]

Stack: [0x0000000018220000,0x0000000018320000]
[error occurred during error reporting (printing stack bounds), id 0xc0000005]

Native frames: (J=compiled Java code, j=interpreted, Vv=VM code, C=native code)

VM_Operation (0x0000000018c5f340): GetOrSetLocal, mode: safepoint, requested by thread 0x00000000171e0000


---------------  P R O C E S S  ---------------

Java Threads: ( => current thread )
  0x0000000020365000 JavaThread "http-nio-8081-AsyncTimeout" daemon [_thread_blocked, id=109256, stack(0x0000000021b10000,0x0000000021c10000)]
  0x0000000020363800 JavaThread "http-nio-8081-Acceptor-0" daemon [_thread_in_native, id=87944, stack(0x0000000021a10000,0x0000000021b10000)]
  0x000000001a614000 JavaThread "http-nio-8081-ClientPoller-1" daemon [_thread_in_native, id=84476, stack(0x0000000021910000,0x0000000021a10000)]
  0x000000001a612000 JavaThread "http-nio-8081-ClientPoller-0" daemon [_thread_in_native, id=87284, stack(0x0000000021810000,0x0000000021910000)]
  0x000000001a612800 JavaThread "http-nio-8081-exec-10" daemon [_thread_blocked, id=87956, stack(0x0000000021710000,0x0000000021810000)]
  0x000000001a611000 JavaThread "http-nio-8081-exec-9" daemon [_thread_blocked, id=88640, stack(0x0000000021610000,0x0000000021710000)]
  0x000000001a615800 JavaThread "http-nio-8081-exec-8" daemon [_thread_blocked, id=87500, stack(0x0000000021510000,0x0000000021610000)]
  0x000000001a617000 JavaThread "http-nio-8081-exec-7" daemon [_thread_blocked, id=72564, stack(0x000000001fe40000,0x000000001ff40000)]
  0x000000001cf94800 JavaThread "http-nio-8081-exec-6" daemon [_thread_blocked, id=88808, stack(0x000000001fd40000,0x000000001fe40000)]
  0x000000001cf93800 JavaThread "http-nio-8081-exec-5" daemon [_thread_blocked, id=91784, stack(0x000000001fc40000,0x000000001fd40000)]
  0x000000001cf93000 JavaThread "http-nio-8081-exec-4" daemon [_thread_blocked, id=88444, stack(0x000000001fb40000,0x000000001fc40000)]
  0x000000001cf92000 JavaThread "http-nio-8081-exec-3" daemon [_thread_blocked, id=97920, stack(0x000000001fa40000,0x000000001fb40000)]
  0x000000001cf91800 JavaThread "http-nio-8081-exec-2" daemon [_thread_blocked, id=89372, stack(0x000000001f940000,0x000000001fa40000)]
  0x000000001cf96000 JavaThread "http-nio-8081-exec-1" daemon [_thread_blocked, id=88476, stack(0x000000001f840000,0x000000001f940000)]
  0x000000001cf8a800 JavaThread "NioBlockingSelector.BlockPoller-4" daemon [_thread_in_native, id=88960, stack(0x000000001f740000,0x000000001f840000)]
  0x000000001cf90800 JavaThread "File Watcher" daemon [_thread_blocked, id=88128, stack(0x000000001f340000,0x000000001f440000)]
  0x000000001cf8d000 JavaThread "commons-pool-evictor-thread" [_thread_blocked, id=87732, stack(0x000000001f240000,0x000000001f340000)]
  0x000000001cf90000 JavaThread "container-0" [_thread_blocked, id=87388, stack(0x000000001f140000,0x000000001f240000)]
  0x000000001cf8d800 JavaThread "ContainerBackgroundProcessor[StandardEngine[Tomcat]]" daemon [_thread_blocked, id=88688, stack(0x000000001eb40000,0x000000001ec40000)]
  0x000000001cf87800 JavaThread "Log4j2-TF-10-Scheduled-5" daemon [_thread_blocked, id=81280, stack(0x000000001e240000,0x000000001e340000)]
  0x000000001cf8b800 JavaThread "DestroyJavaVM" [_thread_blocked, id=99272, stack(0x0000000002550000,0x0000000002650000)]
  0x000000001cf89000 JavaThread "http-nio-8081-exec-4" daemon [_thread_blocked, id=95392, stack(0x000000001f440000,0x000000001f540000)]
  0x000000001a613800 JavaThread "Live Reload Server" daemon [_thread_in_native, id=91252, stack(0x000000001f040000,0x000000001f140000)]
  0x0000000019e40000 JavaThread "RMI TCP Accept-0" daemon [_thread_in_native, id=95048, stack(0x000000001a060000,0x000000001a160000)]
  0x0000000019e32000 JavaThread "RMI TCP Accept-57520" daemon [_thread_in_native, id=91764, stack(0x0000000019f60000,0x000000001a060000)]
  0x0000000019e24000 JavaThread "RMI TCP Accept-0" daemon [_thread_in_native, id=94872, stack(0x0000000019e60000,0x0000000019f60000)]
  0x0000000018fae000 JavaThread "Service Thread" daemon [_thread_blocked, id=94200, stack(0x0000000019560000,0x0000000019660000)]
  0x0000000018fa5000 JavaThread "C1 CompilerThread2" daemon [_thread_blocked, id=93688, stack(0x0000000019460000,0x0000000019560000)]
  0x000000001721d000 JavaThread "C2 CompilerThread1" daemon [_thread_blocked, id=95192, stack(0x0000000019360000,0x0000000019460000)]
  0x00000000171fc000 JavaThread "C2 CompilerThread0" daemon [_thread_blocked, id=94912, stack(0x0000000018e60000,0x0000000018f60000)]
  0x00000000171f0000 JavaThread "JDWP Command Reader" daemon [_thread_in_native, id=94600, stack(0x0000000018d60000,0x0000000018e60000)]
  0x00000000171ed800 JavaThread "JDWP Event Helper Thread" daemon [_thread_blocked, id=95588, stack(0x0000000018c60000,0x0000000018d60000)]
  0x00000000171e0000 JavaThread "JDWP Transport Listener: dt_socket" daemon [_thread_blocked, id=96088, stack(0x0000000018b60000,0x0000000018c60000)]
  0x00000000171d2800 JavaThread "Attach Listener" daemon [_thread_blocked, id=96192, stack(0x0000000018720000,0x0000000018820000)]
  0x00000000171d1800 JavaThread "Signal Dispatcher" daemon [_thread_blocked, id=95968, stack(0x0000000018620000,0x0000000018720000)]
  0x00000000171b7000 JavaThread "Finalizer" daemon [_thread_blocked, id=95336, stack(0x0000000018420000,0x0000000018520000)]
  0x000000001718d800 JavaThread "Reference Handler" daemon [_thread_blocked, id=95672, stack(0x0000000018320000,0x0000000018420000)]

Other Threads:
=>0x000000000284e800 VMThread [stack: 0x0000000018220000,0x0000000018320000] [id=95756]
  0x0000000019e45800 WatcherThread [stack: 0x000000001a160000,0x000000001a260000] [id=95188]

VM state:at safepoint (normal execution)

VM Mutex/Monitor currently owned by a thread:  ([mutex/lock_event])
[0x000000000274ce20] Threads_lock - owner thread: 0x000000000284e800

heap address: 0x0000000084a00000, size: 1974 MB, Compressed Oops mode: 32-bit
Narrow klass base: 0x0000000000000000, Narrow klass shift: 3
Compressed class space size: 1073741824 Address: 0x0000000100000000

Heap:
 PSYoungGen      total 634880K, used 300838K [0x00000000d6e00000, 0x0000000100000000, 0x0000000100000000)
  eden space 612352K, 45% used [0x00000000d6e00000,0x00000000e7e00238,0x00000000fc400000)
  from space 22528K, 99% used [0x00000000fc400000,0x00000000fd9c99c0,0x00000000fda00000)
  to   space 32768K, 0% used [0x00000000fe000000,0x00000000fe000000,0x0000000100000000)
 ParOldGen       total 104448K, used 39995K [0x0000000084a00000, 0x000000008b000000, 0x00000000d6e00000)
  object space 104448K, 38% used [0x0000000084a00000,0x000000008710ee08,0x000000008b000000)
 Metaspace       used 60404K, capacity 61886K, committed 61952K, reserved 1103872K
  class space    used 7818K, capacity 8141K, committed 8192K, reserved 1048576K

Card table byte_map: [0x0000000011c10000,0x0000000011ff0000] byte_map_base: 0x00000000117eb000

Marking Bits: (ParMarkBitMap*) 0x0000000062f1af90
 Begin Bits: [0x0000000012690000, 0x0000000014568000)
 End Bits:   [0x0000000014568000, 0x0000000016440000)

Polling page: 0x00000000003f0000

CodeCache: size=245760Kb used=15036Kb max_used=15036Kb free=230723Kb
 bounds [0x0000000002850000, 0x0000000003710000, 0x0000000011850000]
 total_blobs=7479 nmethods=6955 adapters=443
 compilation: enabled

Compilation events (10 events):
Event: 1002.241 Thread 0x0000000018fa5000 7104       1       java.net.InetSocketAddress$InetSocketAddressHolder::getAddress (5 bytes)
Event: 1002.242 Thread 0x0000000018fa5000 nmethod 7104 0x00000000036fe290 code [0x00000000036fe3e0, 0x00000000036fe4f0]
Event: 1002.269 Thread 0x0000000018fa5000 7105       1       org.springframework.core.ResolvableType::hasUnresolvableGenerics (132 bytes)
Event: 1002.272 Thread 0x0000000018fa5000 nmethod 7105 0x00000000036fe550 code [0x00000000036fe740, 0x00000000036fec38]
Event: 1151.283 Thread 0x0000000018fa5000 7106       1       java.util.concurrent.locks.AbstractQueuedSynchronizer::isOnSyncQueue (33 bytes)
Event: 1151.285 Thread 0x0000000018fa5000 nmethod 7106 0x00000000036ff110 code [0x00000000036ff260, 0x00000000036ff3f0]
Event: 1210.813 Thread 0x0000000018fa5000 7109   !   1       org.apache.catalina.core.ContainerBase::backgroundProcess (168 bytes)
Event: 1210.817 Thread 0x0000000018fa5000 nmethod 7109 0x00000000036ff850 code [0x00000000036ffa80, 0x0000000003700318]
Event: 1210.817 Thread 0x0000000018fa5000 7108   !   1       org.apache.catalina.core.ContainerBase$ContainerBackgroundProcessor::processChildren (185 bytes)
Event: 1210.820 Thread 0x0000000018fa5000 nmethod 7108 0x0000000003700a50 code [0x0000000003700ce0, 0x0000000003701ab8]

GC Heap History (10 events):
Event: 471.997 GC heap before
{Heap before GC invocations=20 (full 4):
 PSYoungGen      total 645120K, used 3337K [0x00000000d6e00000, 0x0000000100000000, 0x0000000100000000)
  eden space 616448K, 0% used [0x00000000d6e00000,0x00000000d6e00000,0x00000000fc800000)
  from space 28672K, 11% used [0x00000000fe400000,0x00000000fe7427d0,0x0000000100000000)
  to   space 28672K, 0% used [0x00000000fc800000,0x00000000fc800000,0x00000000fe400000)
 ParOldGen       total 104448K, used 40649K [0x0000000084a00000, 0x000000008b000000, 0x00000000d6e00000)
  object space 104448K, 38% used [0x0000000084a00000,0x00000000871b26d8,0x000000008b000000)
 Metaspace       used 58461K, capacity 59730K, committed 60032K, reserved 1101824K
  class space    used 7684K, capacity 7975K, committed 8064K, reserved 1048576K
Event: 473.136 GC heap after
Heap after GC invocations=20 (full 4):
 PSYoungGen      total 645120K, used 0K [0x00000000d6e00000, 0x0000000100000000, 0x0000000100000000)
  eden space 616448K, 0% used [0x00000000d6e00000,0x00000000d6e00000,0x00000000fc800000)
  from space 28672K, 0% used [0x00000000fe400000,0x00000000fe400000,0x0000000100000000)
  to   space 28672K, 0% used [0x00000000fc800000,0x00000000fc800000,0x00000000fe400000)
 ParOldGen       total 104448K, used 39769K [0x0000000084a00000, 0x000000008b000000, 0x00000000d6e00000)
  object space 104448K, 38% used [0x0000000084a00000,0x00000000870d6530,0x000000008b000000)
 Metaspace       used 58461K, capacity 59730K, committed 60032K, reserved 1101824K
  class space    used 7684K, capacity 7975K, committed 8064K, reserved 1048576K
}
Event: 480.244 GC heap before
{Heap before GC invocations=21 (full 4):
 PSYoungGen      total 645120K, used 616448K [0x00000000d6e00000, 0x0000000100000000, 0x0000000100000000)
  eden space 616448K, 100% used [0x00000000d6e00000,0x00000000fc800000,0x00000000fc800000)
  from space 28672K, 0% used [0x00000000fe400000,0x00000000fe400000,0x0000000100000000)
  to   space 28672K, 0% used [0x00000000fc800000,0x00000000fc800000,0x00000000fe400000)
 ParOldGen       total 104448K, used 39769K [0x0000000084a00000, 0x000000008b000000, 0x00000000d6e00000)
  object space 104448K, 38% used [0x0000000084a00000,0x00000000870d6530,0x000000008b000000)
 Metaspace       used 58899K, capacity 60244K, committed 60288K, reserved 1101824K
  class space    used 7719K, capacity 8028K, committed 8064K, reserved 1048576K
Event: 480.314 GC heap after
Heap after GC invocations=21 (full 4):
 PSYoungGen      total 638976K, used 22367K [0x00000000d6e00000, 0x0000000100000000, 0x0000000100000000)
  eden space 616448K, 0% used [0x00000000d6e00000,0x00000000d6e00000,0x00000000fc800000)
  from space 22528K, 99% used [0x00000000fc800000,0x00000000fddd7f18,0x00000000fde00000)
  to   space 30720K, 0% used [0x00000000fe200000,0x00000000fe200000,0x0000000100000000)
 ParOldGen       total 104448K, used 39777K [0x0000000084a00000, 0x000000008b000000, 0x00000000d6e00000)
  object space 104448K, 38% used [0x0000000084a00000,0x00000000870d8530,0x000000008b000000)
 Metaspace       used 58899K, capacity 60244K, committed 60288K, reserved 1101824K
  class space    used 7719K, capacity 8028K, committed 8064K, reserved 1048576K
}
Event: 992.737 GC heap before
{Heap before GC invocations=22 (full 4):
 PSYoungGen      total 638976K, used 419212K [0x00000000d6e00000, 0x0000000100000000, 0x0000000100000000)
  eden space 616448K, 64% used [0x00000000d6e00000,0x00000000ef18b2b8,0x00000000fc800000)
  from space 22528K, 99% used [0x00000000fc800000,0x00000000fddd7f18,0x00000000fde00000)
  to   space 30720K, 0% used [0x00000000fe200000,0x00000000fe200000,0x0000000100000000)
 ParOldGen       total 104448K, used 39777K [0x0000000084a00000, 0x000000008b000000, 0x00000000d6e00000)
  object space 104448K, 38% used [0x0000000084a00000,0x00000000870d8530,0x000000008b000000)
 Metaspace       used 59461K, capacity 60870K, committed 61056K, reserved 1101824K
  class space    used 7753K, capacity 8064K, committed 8064K, reserved 1048576K
Event: 992.774 GC heap after
Heap after GC invocations=22 (full 4):
 PSYoungGen      total 643072K, used 3284K [0x00000000d6e00000, 0x0000000100000000, 0x0000000100000000)
  eden space 612352K, 0% used [0x00000000d6e00000,0x00000000d6e00000,0x00000000fc400000)
  from space 30720K, 10% used [0x00000000fe200000,0x00000000fe535028,0x0000000100000000)
  to   space 30720K, 0% used [0x00000000fc400000,0x00000000fc400000,0x00000000fe200000)
 ParOldGen       total 104448K, used 39785K [0x0000000084a00000, 0x000000008b000000, 0x00000000d6e00000)
  object space 104448K, 38% used [0x0000000084a00000,0x00000000870da530,0x000000008b000000)
 Metaspace       used 59461K, capacity 60870K, committed 61056K, reserved 1101824K
  class space    used 7753K, capacity 8064K, committed 8064K, reserved 1048576K
}
Event: 992.774 GC heap before
{Heap before GC invocations=23 (full 5):
 PSYoungGen      total 643072K, used 3284K [0x00000000d6e00000, 0x0000000100000000, 0x0000000100000000)
  eden space 612352K, 0% used [0x00000000d6e00000,0x00000000d6e00000,0x00000000fc400000)
  from space 30720K, 10% used [0x00000000fe200000,0x00000000fe535028,0x0000000100000000)
  to   space 30720K, 0% used [0x00000000fc400000,0x00000000fc400000,0x00000000fe200000)
 ParOldGen       total 104448K, used 39785K [0x0000000084a00000, 0x000000008b000000, 0x00000000d6e00000)
  object space 104448K, 38% used [0x0000000084a00000,0x00000000870da530,0x000000008b000000)
 Metaspace       used 59461K, capacity 60870K, committed 61056K, reserved 1101824K
  class space    used 7753K, capacity 8064K, committed 8064K, reserved 1048576K
Event: 993.661 GC heap after
Heap after GC invocations=23 (full 5):
 PSYoungGen      total 643072K, used 0K [0x00000000d6e00000, 0x0000000100000000, 0x0000000100000000)
  eden space 612352K, 0% used [0x00000000d6e00000,0x00000000d6e00000,0x00000000fc400000)
  from space 30720K, 0% used [0x00000000fe200000,0x00000000fe200000,0x0000000100000000)
  to   space 30720K, 0% used [0x00000000fc400000,0x00000000fc400000,0x00000000fe200000)
 ParOldGen       total 104448K, used 39987K [0x0000000084a00000, 0x000000008b000000, 0x00000000d6e00000)
  object space 104448K, 38% used [0x0000000084a00000,0x000000008710ce08,0x000000008b000000)
 Metaspace       used 59459K, capacity 60864K, committed 61056K, reserved 1101824K
  class space    used 7753K, capacity 8062K, committed 8064K, reserved 1048576K
}
Event: 1000.276 GC heap before
{Heap before GC invocations=24 (full 5):
 PSYoungGen      total 643072K, used 612352K [0x00000000d6e00000, 0x0000000100000000, 0x0000000100000000)
  eden space 612352K, 100% used [0x00000000d6e00000,0x00000000fc400000,0x00000000fc400000)
  from space 30720K, 0% used [0x00000000fe200000,0x00000000fe200000,0x0000000100000000)
  to   space 30720K, 0% used [0x00000000fc400000,0x00000000fc400000,0x00000000fe200000)
 ParOldGen       total 104448K, used 39987K [0x0000000084a00000, 0x000000008b000000, 0x00000000d6e00000)
  object space 104448K, 38% used [0x0000000084a00000,0x000000008710ce08,0x000000008b000000)
 Metaspace       used 59858K, capacity 61330K, committed 61440K, reserved 1101824K
  class space    used 7784K, capacity 8107K, committed 8192K, reserved 1048576K
Event: 1000.315 GC heap after
Heap after GC invocations=24 (full 5):
 PSYoungGen      total 634880K, used 22310K [0x00000000d6e00000, 0x0000000100000000, 0x0000000100000000)
  eden space 612352K, 0% used [0x00000000d6e00000,0x00000000d6e00000,0x00000000fc400000)
  from space 22528K, 99% used [0x00000000fc400000,0x00000000fd9c99c0,0x00000000fda00000)
  to   space 32768K, 0% used [0x00000000fe000000,0x00000000fe000000,0x0000000100000000)
 ParOldGen       total 104448K, used 39995K [0x0000000084a00000, 0x000000008b000000, 0x00000000d6e00000)
  object space 104448K, 38% used [0x0000000084a00000,0x000000008710ee08,0x000000008b000000)
 Metaspace       used 59858K, capacity 61330K, committed 61440K, reserved 1101824K
  class space    used 7784K, capacity 8107K, committed 8192K, reserved 1048576K
}

Deoptimization events (0 events):
No events

Classes redefined (4 events):
Event: 323.533 Thread 0x000000000284e800 redefined class name=co.orffosoft.core.util.ExelUtill, count=1
Event: 470.316 Thread 0x000000000284e800 redefined class name=co.orffosoft.core.util.ExelUtill, count=2
Event: 991.268 Thread 0x000000000284e800 redefined class name=co.orffosoft.core.util.ExelUtill, count=3
Event: 1327.238 Thread 0x000000000284e800 redefined class name=co.orffosoft.core.util.ExelUtill, count=4

Internal exceptions (10 events):
Event: 1001.690 Thread 0x000000001cf8a000 Exception <a 'java/lang/ArrayIndexOutOfBoundsException'> (0x00000000dcdfcf90) thrown at [C:\jenkins\workspace\8-2-build-windows-amd64-cygwin\jdk8u251\737\hotspot\src\share\vm\runtime\sharedRuntime.cpp, line 605]
Event: 1001.931 Thread 0x000000001cf8a000 Exception <a 'java/lang/ArrayIndexOutOfBoundsException'> (0x00000000dd200c80) thrown at [C:\jenkins\workspace\8-2-build-windows-amd64-cygwin\jdk8u251\737\hotspot\src\share\vm\runtime\sharedRuntime.cpp, line 605]
Event: 1002.072 Thread 0x000000001cf8a000 Exception <a 'java/lang/ArrayIndexOutOfBoundsException'> (0x00000000dd5213e8) thrown at [C:\jenkins\workspace\8-2-build-windows-amd64-cygwin\jdk8u251\737\hotspot\src\share\vm\runtime\sharedRuntime.cpp, line 605]
Event: 1002.072 Thread 0x000000001cf8a000 Exception <a 'java/lang/ArrayIndexOutOfBoundsException'> (0x00000000dd522a98) thrown at [C:\jenkins\workspace\8-2-build-windows-amd64-cygwin\jdk8u251\737\hotspot\src\share\vm\runtime\sharedRuntime.cpp, line 605]
Event: 1002.073 Thread 0x000000001cf8a000 Exception <a 'java/lang/ArrayIndexOutOfBoundsException'> (0x00000000dd524078) thrown at [C:\jenkins\workspace\8-2-build-windows-amd64-cygwin\jdk8u251\737\hotspot\src\share\vm\runtime\sharedRuntime.cpp, line 605]
Event: 1002.073 Thread 0x000000001cf8a000 Exception <a 'java/lang/ArrayIndexOutOfBoundsException'> (0x00000000dd52aa48) thrown at [C:\jenkins\workspace\8-2-build-windows-amd64-cygwin\jdk8u251\737\hotspot\src\share\vm\runtime\sharedRuntime.cpp, line 605]
Event: 1002.074 Thread 0x000000001cf8a000 Exception <a 'java/lang/ArrayIndexOutOfBoundsException'> (0x00000000dd52f498) thrown at [C:\jenkins\workspace\8-2-build-windows-amd64-cygwin\jdk8u251\737\hotspot\src\share\vm\runtime\sharedRuntime.cpp, line 605]
Event: 1002.081 Thread 0x000000001cf8a000 Exception <a 'java/lang/ArrayIndexOutOfBoundsException'> (0x00000000dd562998) thrown at [C:\jenkins\workspace\8-2-build-windows-amd64-cygwin\jdk8u251\737\hotspot\src\share\vm\runtime\sharedRuntime.cpp, line 605]
Event: 1002.081 Thread 0x000000001cf8a000 Exception <a 'java/lang/ArrayIndexOutOfBoundsException'> (0x00000000dd564bb0) thrown at [C:\jenkins\workspace\8-2-build-windows-amd64-cygwin\jdk8u251\737\hotspot\src\share\vm\runtime\sharedRuntime.cpp, line 605]
Event: 1002.109 Thread 0x000000001cf8a000 Exception <a 'java/lang/ArrayIndexOutOfBoundsException'> (0x00000000dd61c9f0) thrown at [C:\jenkins\workspace\8-2-build-windows-amd64-cygwin\jdk8u251\737\hotspot\src\share\vm\runtime\sharedRuntime.cpp, line 605]

Events (10 events):
Event: 1327.394 Executing VM operation: ChangeBreakpoints done
Event: 1327.405 Executing VM operation: EnterInterpOnlyMode
Event: 1327.406 Executing nested VM operation: Deoptimize
Event: 1327.407 Executing nested VM operation: Deoptimize done
Event: 1327.407 Executing VM operation: EnterInterpOnlyMode done
Event: 1327.407 Executing VM operation: GetCurrentLocation
Event: 1327.407 Executing VM operation: GetCurrentLocation done
Event: 1327.408 Executing VM operation: ChangeSingleStep
Event: 1327.408 Executing VM operation: ChangeSingleStep done
Event: 1327.409 Executing VM operation: GetOrSetLocal


Dynamic libraries:
0x00007ff7f1290000 - 0x00007ff7f12c7000 	C:\Program Files\Java\jre1.8.0_251\bin\javaw.exe
0x00007ffe88080000 - 0x00007ffe88270000 	C:\WINDOWS\SYSTEM32\ntdll.dll
0x00007ffe86820000 - 0x00007ffe868d2000 	C:\WINDOWS\System32\KERNEL32.DLL
0x00007ffe85c80000 - 0x00007ffe85f25000 	C:\WINDOWS\System32\KERNELBASE.dll
0x00007ffe87780000 - 0x00007ffe87823000 	C:\WINDOWS\System32\ADVAPI32.dll
0x00007ffe86190000 - 0x00007ffe8622e000 	C:\WINDOWS\System32\msvcrt.dll
0x00007ffe86630000 - 0x00007ffe866c7000 	C:\WINDOWS\System32\sechost.dll
0x00007ffe862e0000 - 0x00007ffe86400000 	C:\WINDOWS\System32\RPCRT4.dll
0x00007ffe87ea0000 - 0x00007ffe88034000 	C:\WINDOWS\System32\USER32.dll
0x00007ffe85c20000 - 0x00007ffe85c41000 	C:\WINDOWS\System32\win32u.dll
0x00007ffe86780000 - 0x00007ffe867a6000 	C:\WINDOWS\System32\GDI32.dll
0x00007ffe85f30000 - 0x00007ffe860c6000 	C:\WINDOWS\System32\gdi32full.dll
0x00007ffe860d0000 - 0x00007ffe8616e000 	C:\WINDOWS\System32\msvcp_win.dll
0x00007ffe85150000 - 0x00007ffe8524a000 	C:\WINDOWS\System32\ucrtbase.dll
0x00007ffe84430000 - 0x00007ffe846b4000 	C:\WINDOWS\WinSxS\amd64_microsoft.windows.common-controls_6595b64144ccf1df_6.0.18362.1139_none_9e7bf2d3e4605ac6\COMCTL32.dll
0x00007ffe86ac0000 - 0x00007ffe86df5000 	C:\WINDOWS\System32\combase.dll
0x00007ffe850d0000 - 0x00007ffe85150000 	C:\WINDOWS\System32\bcryptPrimitives.dll
0x00007ffe868e0000 - 0x00007ffe8690e000 	C:\WINDOWS\System32\IMM32.DLL
0x0000000064610000 - 0x00000000646e2000 	C:\Program Files\Java\jre1.8.0_251\bin\msvcr100.dll
0x00000000626f0000 - 0x0000000062f9b000 	C:\Program Files\Java\jre1.8.0_251\bin\server\jvm.dll
0x00007ffe87e00000 - 0x00007ffe87e08000 	C:\WINDOWS\System32\PSAPI.DLL
0x00007ffe822d0000 - 0x00007ffe822f4000 	C:\WINDOWS\SYSTEM32\WINMM.dll
0x00007ffe7ecd0000 - 0x00007ffe7ecda000 	C:\WINDOWS\SYSTEM32\VERSION.dll
0x00007ffe81f10000 - 0x00007ffe81f3d000 	C:\WINDOWS\SYSTEM32\winmmbase.dll
0x00007ffe859d0000 - 0x00007ffe85a1a000 	C:\WINDOWS\System32\cfgmgr32.dll
0x00007ffe7f930000 - 0x00007ffe7f939000 	C:\WINDOWS\SYSTEM32\WSOCK32.dll
0x00007ffe867b0000 - 0x00007ffe8681f000 	C:\WINDOWS\System32\WS2_32.dll
0x00007ffe7ff30000 - 0x00007ffe7ff3f000 	C:\Program Files\Java\jre1.8.0_251\bin\verify.dll
0x00007ffe7e220000 - 0x00007ffe7e249000 	C:\Program Files\Java\jre1.8.0_251\bin\java.dll
0x00007ffe57cd0000 - 0x00007ffe57d05000 	C:\Program Files\Java\jre1.8.0_251\bin\jdwp.dll
0x00007ffe82440000 - 0x00007ffe82448000 	C:\Program Files\Java\jre1.8.0_251\bin\npt.dll
0x00007ffe7e840000 - 0x00007ffe7e856000 	C:\Program Files\Java\jre1.8.0_251\bin\zip.dll
0x00007ffe86e00000 - 0x00007ffe874e7000 	C:\WINDOWS\System32\SHELL32.dll
0x00007ffe86230000 - 0x00007ffe862d9000 	C:\WINDOWS\System32\shcore.dll
0x00007ffe85250000 - 0x00007ffe859d0000 	C:\WINDOWS\System32\windows.storage.dll
0x00007ffe84fd0000 - 0x00007ffe84ff3000 	C:\WINDOWS\System32\profapi.dll
0x00007ffe85000000 - 0x00007ffe8504a000 	C:\WINDOWS\System32\powrprof.dll
0x00007ffe84fa0000 - 0x00007ffe84fb0000 	C:\WINDOWS\System32\UMPDC.dll
0x00007ffe86400000 - 0x00007ffe86452000 	C:\WINDOWS\System32\shlwapi.dll
0x00007ffe84fb0000 - 0x00007ffe84fc1000 	C:\WINDOWS\System32\kernel.appcore.dll
0x00007ffe86170000 - 0x00007ffe86187000 	C:\WINDOWS\System32\cryptsp.dll
0x00007ffe7b810000 - 0x00007ffe7b819000 	C:\Program Files\Java\jre1.8.0_251\bin\dt_socket.dll
0x00007ffe6b220000 - 0x00007ffe6b236000 	C:\WINDOWS\system32\napinsp.dll
0x00007ffe6b1e0000 - 0x00007ffe6b1fa000 	C:\WINDOWS\system32\pnrpnsp.dll
0x00007ffe84110000 - 0x00007ffe84177000 	C:\WINDOWS\System32\mswsock.dll
0x00007ffe83e60000 - 0x00007ffe83f2b000 	C:\WINDOWS\SYSTEM32\DNSAPI.dll
0x00007ffe86460000 - 0x00007ffe86468000 	C:\WINDOWS\System32\NSI.dll
0x00007ffe83e20000 - 0x00007ffe83e5a000 	C:\WINDOWS\SYSTEM32\IPHLPAPI.DLL
0x00007ffe6ccc0000 - 0x00007ffe6ccce000 	C:\WINDOWS\System32\winrnr.dll
0x00007ffe80990000 - 0x00007ffe809ac000 	C:\WINDOWS\system32\NLAapi.dll
0x00007ffe7ec20000 - 0x00007ffe7ec35000 	C:\WINDOWS\system32\wshbth.dll
0x00007ffe7c220000 - 0x00007ffe7c297000 	C:\WINDOWS\System32\fwpuclnt.dll
0x00007ffe85c50000 - 0x00007ffe85c76000 	C:\WINDOWS\System32\bcrypt.dll
0x00007ffe7c3f0000 - 0x00007ffe7c3fa000 	C:\Windows\System32\rasadhlp.dll
0x00007ffe6d380000 - 0x00007ffe6d38d000 	C:\Program Files\Java\jre1.8.0_251\bin\management.dll
0x00007ffe7e1d0000 - 0x00007ffe7e1ea000 	C:\Program Files\Java\jre1.8.0_251\bin\net.dll
0x00007ffe7e1b0000 - 0x00007ffe7e1c2000 	C:\Program Files\Java\jre1.8.0_251\bin\nio.dll
0x00007ffe83c80000 - 0x00007ffe83cb3000 	C:\WINDOWS\system32\rsaenh.dll
0x00007ffe84ec0000 - 0x00007ffe84ee5000 	C:\WINDOWS\SYSTEM32\USERENV.dll
0x00007ffe84320000 - 0x00007ffe8432c000 	C:\WINDOWS\SYSTEM32\CRYPTBASE.dll
0x00007ffe7d260000 - 0x00007ffe7d276000 	C:\WINDOWS\SYSTEM32\dhcpcsvc6.DLL
0x00007ffe7df80000 - 0x00007ffe7df9c000 	C:\WINDOWS\SYSTEM32\dhcpcsvc.DLL
0x00007ffe7e180000 - 0x00007ffe7e1a4000 	C:\Program Files\Java\jre1.8.0_251\bin\sunec.dll

VM Arguments:
jvm_args: -agentlib:jdwp=transport=dt_socket,suspend=y,address=localhost:57521 -Dcom.sun.management.jmxremote -Dcom.sun.management.jmxremote.port=57520 -Dcom.sun.management.jmxremote.authenticate=false -Dcom.sun.management.jmxremote.ssl=false -Djava.rmi.server.hostname=localhost -Dspring.liveBeansView.mbeanDomain -Dspring.application.admin.enabled=true -Xverify:none -XX:TieredStopAtLevel=1 -Dfile.encoding=Cp1252 
java_command: co.orffosoft.OrffosoftClientApplication --spring.output.ansi.enabled=always
java_class_path (initial): C:\Program Files\Java\jre1.8.0_251\lib\resources.jar;C:\Program Files\Java\jre1.8.0_251\lib\rt.jar;C:\Program Files\Java\jre1.8.0_251\lib\jsse.jar;C:\Program Files\Java\jre1.8.0_251\lib\jce.jar;C:\Program Files\Java\jre1.8.0_251\lib\charsets.jar;C:\Program Files\Java\jre1.8.0_251\lib\jfr.jar;C:\Program Files\Java\jre1.8.0_251\lib\ext\access-bridge-64.jar;C:\Program Files\Java\jre1.8.0_251\lib\ext\cldrdata.jar;C:\Program Files\Java\jre1.8.0_251\lib\ext\dnsns.jar;C:\Program Files\Java\jre1.8.0_251\lib\ext\jaccess.jar;C:\Program Files\Java\jre1.8.0_251\lib\ext\jfxrt.jar;C:\Program Files\Java\jre1.8.0_251\lib\ext\localedata.jar;C:\Program Files\Java\jre1.8.0_251\lib\ext\nashorn.jar;C:\Program Files\Java\jre1.8.0_251\lib\ext\sunec.jar;C:\Program Files\Java\jre1.8.0_251\lib\ext\sunjce_provider.jar;C:\Program Files\Java\jre1.8.0_251\lib\ext\sunmscapi.jar;C:\Program Files\Java\jre1.8.0_251\lib\ext\sunpkcs11.jar;C:\Program Files\Java\jre1.8.0_251\lib\ext\zipfs.jar;F:\Orffosoft_Project\Orffo_Retail_SourceCode_1\Orffosoft_SourceCode\ORFFOOSFT_CLIENT\bin\main;F:\Orffosoft_Project\Orffo_Retail_SourceCode_1\Orffosoft_SourceCode\ORFFOOSFT_CLIENT\bin\test;F:\Orffosoft_Project\Orffo_Retail_SourceCode_1\Orffosoft_SourceCode\ORFFOOSFT_CLIENT\bin\default;F:\Orffosoft_Project\Orffo_Retail_SourceCode_1\Orffosoft_SourceCode\ORFFOSOFT_CORE\bin\default;F:\Orffosoft_Project\Orffo_Retail_SourceCode_1\Orffosoft_SourceCode\ORFFOSOFT_CORE\bin\main;F:\Orffosoft_Project\Orffo_Retail_SourceCode_1\Orffosoft_SourceCode\ORFFOSOFT_CORE\bin\test;C:\Users\dell\.gradle\caches\modules-2\files-2.1\org.springframework.boot\spring-boot-starter-web\1.5.10.RELEASE\8bc445f3ee81e5322e46b28cbb33bca1800b69d9\spring-boot-starter-web-1.5.10.RELEASE.jar;C:\Users\dell\.gradle\caches\modules-2\files-2.1\org.springframework.boot\spring-boot-devtools\1.5.10.RELEASE\64a5e292f913e4b782954765778e6f6910c0208c\spring-boot-devtools-1.5.10.RELEASE.jar;C:\Users\dell\.gradle\caches\modules-2\files-2.1\
Launcher Type: SUN_STANDARD

Environment Variables:
PATH=C:/Program Files/Java/jre1.8.0_251/bin/server;C:/Program Files/Java/jre1.8.0_251/bin;C:/Program Files/Java/jre1.8.0_251/lib/amd64;C:\Program Files (x86)\Common Files\Oracle\Java\javapath;C:\ProgramData\Oracle\Java\javapath;C:\WINDOWS\system32;C:\WINDOWS;C:\WINDOWS\System32\Wbem;C:\WINDOWS\System32\WindowsPowerShell\v1.0\;C:\Program Files (x86)\AMD\ATI.ACE\Core-Static;C:\Program Files\Java\jdk1.8.0_102\bin;E:\Java;C:\WINDOWS\System32\OpenSSH\;C:\PostgreSQL\pg10\bin;C:\Program Files\Java\jdk1.8.0_102\bin;%USERPROFILE%\AppData\Local\Microsoft\WindowsApps;;F:\Orffosoft_Project\Softwares\spring-tool-suite-3.9.0.RELEASE-e4.7.0-win32-x86_64\sts-bundle\sts-3.9.0.RELEASE;
USERNAME=dell
OS=Windows_NT
PROCESSOR_IDENTIFIER=Intel64 Family 6 Model 78 Stepping 3, GenuineIntel



---------------  S Y S T E M  ---------------

OS: Windows 10.0 , 64 bit Build 18362 (10.0.18362.1110)

CPU:total 4 (initial active 4) (2 cores per cpu, 2 threads per core) family 6 model 78 stepping 3, cmov, cx8, fxsr, mmx, sse, sse2, sse3, ssse3, sse4.1, sse4.2, popcnt, avx, avx2, aes, clmul, erms, 3dnowpref, lzcnt, ht, tsc, tscinvbit, bmi1, bmi2, adx

Memory: 4k page, physical 8080844k(1546444k free), swap 14372300k(5751436k free)

vm_info: Java HotSpot(TM) 64-Bit Server VM (25.251-b08) for windows-amd64 JRE (1.8.0_251-b08), built on Mar 12 2020 06:31:49 by "" with MS VC++ 10.0 (VS2010)

time: Tue Nov 10 13:20:57 2020
timezone: India Standard Time
elapsed time: 1327 seconds (0d 0h 22m 7s)

